<?xml version="1.0" encoding="UTF-8"?>
<testsuite name="com.example.springgumball.SpringGumballApplicationTests" tests="1" skipped="0" failures="0" errors="0" timestamp="2021-05-15T23:23:16" hostname="Guillers-MBP.attlocal.net" time="0.277">
  <properties/>
  <testcase name="contextLoads()" classname="com.example.springgumball.SpringGumballApplicationTests" time="0.277"/>
  <system-out><![CDATA[16:23:14.533 [Test worker] DEBUG org.springframework.test.context.BootstrapUtils - Instantiating CacheAwareContextLoaderDelegate from class [org.springframework.test.context.cache.DefaultCacheAwareContextLoaderDelegate]
16:23:14.547 [Test worker] DEBUG org.springframework.test.context.BootstrapUtils - Instantiating BootstrapContext using constructor [public org.springframework.test.context.support.DefaultBootstrapContext(java.lang.Class,org.springframework.test.context.CacheAwareContextLoaderDelegate)]
16:23:14.585 [Test worker] DEBUG org.springframework.test.context.BootstrapUtils - Instantiating TestContextBootstrapper for test class [com.example.springgumball.SpringGumballApplicationTests] from class [org.springframework.boot.test.context.SpringBootTestContextBootstrapper]
16:23:14.598 [Test worker] INFO org.springframework.boot.test.context.SpringBootTestContextBootstrapper - Neither @ContextConfiguration nor @ContextHierarchy found for test class [com.example.springgumball.SpringGumballApplicationTests], using SpringBootContextLoader
16:23:14.601 [Test worker] DEBUG org.springframework.test.context.support.AbstractContextLoader - Did not detect default resource location for test class [com.example.springgumball.SpringGumballApplicationTests]: class path resource [com/example/springgumball/SpringGumballApplicationTests-context.xml] does not exist
16:23:14.602 [Test worker] DEBUG org.springframework.test.context.support.AbstractContextLoader - Did not detect default resource location for test class [com.example.springgumball.SpringGumballApplicationTests]: class path resource [com/example/springgumball/SpringGumballApplicationTestsContext.groovy] does not exist
16:23:14.603 [Test worker] INFO org.springframework.test.context.support.AbstractContextLoader - Could not detect default resource locations for test class [com.example.springgumball.SpringGumballApplicationTests]: no resource found for suffixes {-context.xml, Context.groovy}.
16:23:14.604 [Test worker] INFO org.springframework.test.context.support.AnnotationConfigContextLoaderUtils - Could not detect default configuration classes for test class [com.example.springgumball.SpringGumballApplicationTests]: SpringGumballApplicationTests does not declare any static, non-private, non-final, nested classes annotated with @Configuration.
16:23:14.646 [Test worker] DEBUG org.springframework.test.context.support.ActiveProfilesUtils - Could not find an 'annotation declaring class' for annotation type [org.springframework.test.context.ActiveProfiles] and class [com.example.springgumball.SpringGumballApplicationTests]
16:23:14.721 [Test worker] DEBUG org.springframework.context.annotation.ClassPathScanningCandidateComponentProvider - Identified candidate component class: file [/Users/guillerdalit/Desktop/Workplace/github/spring-gumball/build/classes/java/main/com/example/springgumball/SpringGumballApplication.class]
16:23:14.722 [Test worker] INFO org.springframework.boot.test.context.SpringBootTestContextBootstrapper - Found @SpringBootConfiguration com.example.springgumball.SpringGumballApplication for test class com.example.springgumball.SpringGumballApplicationTests
16:23:14.810 [Test worker] DEBUG org.springframework.boot.test.context.SpringBootTestContextBootstrapper - @TestExecutionListeners is not present for class [com.example.springgumball.SpringGumballApplicationTests]: using defaults.
16:23:14.810 [Test worker] INFO org.springframework.boot.test.context.SpringBootTestContextBootstrapper - Loaded default TestExecutionListener class names from location [META-INF/spring.factories]: [org.springframework.boot.test.autoconfigure.restdocs.RestDocsTestExecutionListener, org.springframework.boot.test.autoconfigure.web.client.MockRestServiceServerResetTestExecutionListener, org.springframework.boot.test.autoconfigure.web.servlet.MockMvcPrintOnlyOnFailureTestExecutionListener, org.springframework.boot.test.autoconfigure.web.servlet.WebDriverTestExecutionListener, org.springframework.boot.test.autoconfigure.webservices.client.MockWebServiceServerTestExecutionListener, org.springframework.boot.test.mock.mockito.MockitoTestExecutionListener, org.springframework.boot.test.mock.mockito.ResetMocksTestExecutionListener, org.springframework.test.context.web.ServletTestExecutionListener, org.springframework.test.context.support.DirtiesContextBeforeModesTestExecutionListener, org.springframework.test.context.event.ApplicationEventsTestExecutionListener, org.springframework.test.context.support.DependencyInjectionTestExecutionListener, org.springframework.test.context.support.DirtiesContextTestExecutionListener, org.springframework.test.context.transaction.TransactionalTestExecutionListener, org.springframework.test.context.jdbc.SqlScriptsTestExecutionListener, org.springframework.test.context.event.EventPublishingTestExecutionListener]
16:23:14.820 [Test worker] DEBUG org.springframework.boot.test.context.SpringBootTestContextBootstrapper - Skipping candidate TestExecutionListener [org.springframework.test.context.transaction.TransactionalTestExecutionListener] due to a missing dependency. Specify custom listener classes or make the default listener classes and their required dependencies available. Offending class: [org.springframework.transaction.interceptor.TransactionAttributeSource]
16:23:14.821 [Test worker] DEBUG org.springframework.boot.test.context.SpringBootTestContextBootstrapper - Skipping candidate TestExecutionListener [org.springframework.test.context.jdbc.SqlScriptsTestExecutionListener] due to a missing dependency. Specify custom listener classes or make the default listener classes and their required dependencies available. Offending class: [org.springframework.transaction.interceptor.TransactionAttribute]
16:23:14.821 [Test worker] INFO org.springframework.boot.test.context.SpringBootTestContextBootstrapper - Using TestExecutionListeners: [org.springframework.test.context.web.ServletTestExecutionListener@6ce44d97, org.springframework.test.context.support.DirtiesContextBeforeModesTestExecutionListener@68ec7836, org.springframework.test.context.event.ApplicationEventsTestExecutionListener@6a72a53f, org.springframework.boot.test.mock.mockito.MockitoTestExecutionListener@3556bd00, org.springframework.boot.test.autoconfigure.SpringBootDependencyInjectionTestExecutionListener@41efa5c7, org.springframework.test.context.support.DirtiesContextTestExecutionListener@8c5eeb73, org.springframework.test.context.event.EventPublishingTestExecutionListener@68f6d1d1, org.springframework.boot.test.autoconfigure.restdocs.RestDocsTestExecutionListener@e266c0a4, org.springframework.boot.test.autoconfigure.web.client.MockRestServiceServerResetTestExecutionListener@e6dbf38f, org.springframework.boot.test.autoconfigure.web.servlet.MockMvcPrintOnlyOnFailureTestExecutionListener@e6ebb44c, org.springframework.boot.test.autoconfigure.web.servlet.WebDriverTestExecutionListener@28a38369, org.springframework.boot.test.autoconfigure.webservices.client.MockWebServiceServerTestExecutionListener@193a623c, org.springframework.boot.test.mock.mockito.ResetMocksTestExecutionListener@7e614a99]
16:23:14.824 [Test worker] DEBUG org.springframework.test.context.support.AbstractDirtiesContextTestExecutionListener - Before test class: context [DefaultTestContext@999a6027 testClass = SpringGumballApplicationTests, testInstance = [null], testMethod = [null], testException = [null], mergedContextConfiguration = [WebMergedContextConfiguration@74f46def testClass = SpringGumballApplicationTests, locations = '{}', classes = '{class com.example.springgumball.SpringGumballApplication}', contextInitializerClasses = '[]', activeProfiles = '{}', propertySourceLocations = '{}', propertySourceProperties = '{org.springframework.boot.test.context.SpringBootTestContextBootstrapper=true}', contextCustomizers = set[org.springframework.boot.test.autoconfigure.actuate.metrics.MetricsExportContextCustomizerFactory$DisableMetricExportContextCustomizer@5f3096a5, org.springframework.boot.test.autoconfigure.properties.PropertyMappingContextCustomizer@0, org.springframework.boot.test.autoconfigure.web.servlet.WebDriverContextCustomizerFactory$Customizer@c2a3c7ee, org.springframework.boot.test.context.filter.ExcludeFilterContextCustomizer@5723ce8e, org.springframework.boot.test.json.DuplicateJsonObjectContextCustomizerFactory$DuplicateJsonObjectContextCustomizer@8c205261, org.springframework.boot.test.mock.mockito.MockitoContextCustomizer@0, org.springframework.boot.test.web.client.TestRestTemplateContextCustomizer@790de039, org.springframework.boot.test.context.SpringBootTestArgs@1, org.springframework.boot.test.context.SpringBootTestWebEnvironment@f2e9451e], resourceBasePath = 'src/main/webapp', contextLoader = 'org.springframework.boot.test.context.SpringBootContextLoader', parent = [null]], attributes = map['org.springframework.test.context.web.ServletTestExecutionListener.activateListener' -> true]], class annotated with @DirtiesContext [false] with mode [null].
16:23:14.854 [Test worker] DEBUG org.springframework.test.context.support.TestPropertySourceUtils - Adding inlined properties to environment: {spring.jmx.enabled=false, org.springframework.boot.test.context.SpringBootTestContextBootstrapper=true}

  .   ____          _            __ _ _
 /\\ / ___'_ __ _ _(_)_ __  __ _ \ \ \ \
( ( )\___ | '_ | '_| | '_ \/ _` | \ \ \ \
 \\/  ___)| |_)| | | | | || (_| |  ) ) ) )
  '  |____| .__|_| |_|_| |_\__, | / / / /
 =========|_|==============|___/=/_/_/_/
 :: Spring Boot ::                (v2.4.2)

2021-05-15 16:23:15.134  INFO 80021 --- [    Test worker] c.e.s.SpringGumballApplicationTests      : Starting SpringGumballApplicationTests using Java 11.0.10 on Guillers-MBP.attlocal.net with PID 80021 (started by guillerdalit in /Users/guillerdalit/Desktop/Workplace/github/spring-gumball)
2021-05-15 16:23:15.139  INFO 80021 --- [    Test worker] c.e.s.SpringGumballApplicationTests      : No active profile set, falling back to default profiles: default
2021-05-15 16:23:16.385  INFO 80021 --- [    Test worker] o.s.s.concurrent.ThreadPoolTaskExecutor  : Initializing ExecutorService 'applicationTaskExecutor'
2021-05-15 16:23:16.789  INFO 80021 --- [    Test worker] c.e.s.SpringGumballApplicationTests      : Started SpringGumballApplicationTests in 1.928 seconds (JVM running for 3.534)
]]></system-out>
  <system-err><![CDATA[]]></system-err>
</testsuite>
